app_mobile/app/build/intermediates/manifest_merge_blame_file/release/manifest-merger-blame-release-report.txt
1<?xml version="1.0" encoding="utf-8"?>
2<manifest xmlns:android="http://schemas.android.com/apk/res/android"
3    package="com.webview.myapplication"
4    android:versionCode="1"
5    android:versionName="1.0" >
6
7    <uses-sdk
8        android:minSdkVersion="21"
9        android:targetSdkVersion="30" />
10
11    <uses-permission-sdk-23 android:name="android.permission.ACCESS_WIFI_STATE" />
11-->src\main\AndroidManifest.xml:4:5-83
11-->src\main\AndroidManifest.xml:4:29-80
12    <uses-permission-sdk-23 android:name="android.permission.CHANGE_WIFI_STATE" />
12-->src\main\AndroidManifest.xml:5:5-83
12-->src\main\AndroidManifest.xml:5:29-80
13    <uses-permission-sdk-23 android:name="android.permission.ACCESS_NETWORK_STATE" />
13-->src\main\AndroidManifest.xml:6:5-86
13-->src\main\AndroidManifest.xml:6:29-83
14    <uses-permission-sdk-23 android:name="android.permission.INTERNET" />
14-->src\main\AndroidManifest.xml:7:5-74
14-->src\main\AndroidManifest.xml:7:29-71
15
16    <uses-permission android:name="android.permission.ACCESS_DOWNLOAD_MANAGER" />
16-->src\main\AndroidManifest.xml:9:5-82
16-->src\main\AndroidManifest.xml:9:22-79
17    <uses-permission android:name="android.permission.DOWNLOAD_WITHOUT_NOTIFICATION" />
17-->src\main\AndroidManifest.xml:10:5-88
17-->src\main\AndroidManifest.xml:10:22-85
18
19    <uses-permission-sdk-23 android:name="android.permission.READ_EXTERNAL_STORAGE" />
19-->src\main\AndroidManifest.xml:12:5-87
19-->src\main\AndroidManifest.xml:12:29-84
20    <uses-permission-sdk-23 android:name="android.permission.WRITE_EXTERNAL_STORAGE" />
20-->src\main\AndroidManifest.xml:13:5-88
20-->src\main\AndroidManifest.xml:13:29-85
21
22    <application
22-->src\main\AndroidManifest.xml:15:5-33:19
23        android:allowBackup="true"
23-->src\main\AndroidManifest.xml:16:9-35
24        android:appComponentFactory="androidx.core.app.CoreComponentFactory"
24-->[androidx.core:core:1.5.0] AndroidManifest.xml:24:18-86
25        android:extractNativeLibs="true"
26        android:fullBackupContent="true"
26-->src\main\AndroidManifest.xml:17:9-41
27        android:icon="@mipmap/ic_launcher"
27-->src\main\AndroidManifest.xml:19:9-43
28        android:label="@string/app_name"
28-->src\main\AndroidManifest.xml:20:9-41
29        android:roundIcon="@mipmap/ic_launcher_round"
29-->src\main\AndroidManifest.xml:21:9-54
30        android:supportsRtl="true"
30-->src\main\AndroidManifest.xml:22:9-35
31        android:theme="@style/Theme.MyApplication"
31-->src\main\AndroidManifest.xml:23:9-51
32        android:usesCleartextTraffic="true" >
32-->src\main\AndroidManifest.xml:18:9-44
33        <activity
33-->src\main\AndroidManifest.xml:24:5-32:16
34            android:name="com.webview.myapplication.MainActivity"
34-->src\main\AndroidManifest.xml:25:9-62
35            android:configChanges="orientation|screenSize"
35-->src\main\AndroidManifest.xml:26:9-55
36            android:label="@string/app_name" >
36-->src\main\AndroidManifest.xml:27:9-41
37            <intent-filter>
37-->src\main\AndroidManifest.xml:28:9-31:25
38                <action android:name="android.intent.action.MAIN" />
38-->src\main\AndroidManifest.xml:29:13-65
38-->src\main\AndroidManifest.xml:29:21-62
39
40                <category android:name="android.intent.category.LAUNCHER" />
40-->src\main\AndroidManifest.xml:30:13-73
40-->src\main\AndroidManifest.xml:30:23-70
41            </intent-filter>
42        </activity>
43    </application>
44
45</manifest>